<?xml version="1.0" encoding="UTF-8"?>
<!-- Generated by org.testng.reporters.JUnitReportReporter -->
<testsuite skipped="0" hostname="DESKTOP-N3RN91A" name="TestClass" tests="1" failures="0" timestamp="2021-12-07T03:12:48 IST" time="36.485" errors="0">
  <testcase name="writeFeedBack" time="36.485" classname="TestClass"/>
  <system-out/>
</testsuite> <!-- TestClass -->
